<?xml version="1.0" encoding="UTF-8"?>
<testng-results ignored="0" total="22" passed="22" failed="0" skipped="0">
  <reporter-output>
  </reporter-output>
  <suite started-at="2025-08-21T15:11:13 IST" name="WebOrder Page Object Model TestNGDemo" finished-at="2025-08-21T15:12:37 IST" duration-ms="83837">
    <groups>
    </groups>
    <test started-at="2025-08-21T15:11:13 IST" name="test-1" finished-at="2025-08-21T15:12:37 IST" duration-ms="83837">
      <class name="com.webOrders.test.WebOrder_Order_Test">
        <test-method is-config="true" signature="initializeTestBaseSetup(java.lang.String,java.lang.String)[pri:0, instance:com.webOrders.test.WebOrder_Order_Test@4fad9bb2]" started-at="2025-08-21T15:11:44 IST" name="initializeTestBaseSetup" finished-at="2025-08-21T15:11:47 IST" duration-ms="2620" status="PASS">
          <params>
            <param index="0">
              <value>
                <![CDATA[edge]]>
              </value>
            </param>
            <param index="1">
              <value>
                <![CDATA[http://secure.smartbearsoftware.com/samples/TestComplete11/WebOrders/Login.aspx?ReturnUrl=%2fsamples%2fTestComplete11%2fWebOrders%2fDefault.aspx]]>
              </value>
            </param>
          </params>
          <reporter-output>
          </reporter-output>
        </test-method> <!-- initializeTestBaseSetup -->
        <test-method is-config="true" signature="setUp()[pri:0, instance:com.webOrders.test.WebOrder_Order_Test@4fad9bb2]" started-at="2025-08-21T15:11:47 IST" name="setUp" finished-at="2025-08-21T15:11:47 IST" duration-ms="2" status="PASS">
          <reporter-output>
          </reporter-output>
        </test-method> <!-- setUp -->
        <test-method signature="verifyCheckAll(java.lang.String,java.lang.String,java.lang.String,java.lang.String,java.lang.String,java.lang.String,java.lang.String,java.lang.String,java.lang.String,java.lang.String,java.lang.String)[pri:1, instance:com.webOrders.test.WebOrder_Order_Test@4fad9bb2]" started-at="2025-08-21T15:11:47 IST" name="verifyCheckAll" description="Validate reset button" data-provider="Reset Form" finished-at="2025-08-21T15:11:55 IST" duration-ms="7992" status="PASS">
          <params>
            <param index="0">
              <value>
                <![CDATA[MyMoney]]>
              </value>
            </param>
            <param index="1">
              <value>
                <![CDATA[5]]>
              </value>
            </param>
            <param index="2">
              <value>
                <![CDATA[Minh]]>
              </value>
            </param>
            <param index="3">
              <value>
                <![CDATA[123 Main St]]>
              </value>
            </param>
            <param index="4">
              <value>
                <![CDATA[Dallas]]>
              </value>
            </param>
            <param index="5">
              <value>
                <![CDATA[IL]]>
              </value>
            </param>
            <param index="6">
              <value>
                <![CDATA[75000]]>
              </value>
            </param>
            <param index="7">
              <value>
                <![CDATA[Visa]]>
              </value>
            </param>
            <param index="8">
              <value>
                <![CDATA[123456789]]>
              </value>
            </param>
            <param index="9">
              <value>
                <![CDATA[12/29]]>
              </value>
            </param>
            <param index="10">
              <value>
                <![CDATA[success]]>
              </value>
            </param>
          </params>
          <reporter-output>
          </reporter-output>
        </test-method> <!-- verifyCheckAll -->
        <test-method is-config="true" signature="takeScreenshot(org.testng.ITestResult)[pri:0, instance:com.webOrders.test.WebOrder_Order_Test@4fad9bb2]" started-at="2025-08-21T15:11:55 IST" name="takeScreenshot" finished-at="2025-08-21T15:11:55 IST" duration-ms="0" status="PASS">
          <params>
            <param index="0">
              <value>
                <![CDATA[[TestResult name=verifyCheckAll status=SUCCESS method=WebOrder_Order_Test.verifyCheckAll(java.lang.String,java.lang.String,java.lang.String,java.lang.String,java.lang.String,java.lang.String,java.lang.String,java.lang.String,java.lang.String,java.lang.String,java.lang.String)[pri:1, instance:com.webOrders.test.WebOrder_Order_Test@4fad9bb2] output={null}]]]>
              </value>
            </param>
          </params>
          <reporter-output>
          </reporter-output>
        </test-method> <!-- takeScreenshot -->
        <test-method signature="verifyCheckAll(java.lang.String,java.lang.String,java.lang.String,java.lang.String,java.lang.String,java.lang.String,java.lang.String,java.lang.String,java.lang.String,java.lang.String,java.lang.String)[pri:1, instance:com.webOrders.test.WebOrder_Order_Test@4fad9bb2]" started-at="2025-08-21T15:11:55 IST" name="verifyCheckAll" description="Validate reset button" data-provider="Reset Form" finished-at="2025-08-21T15:12:03 IST" duration-ms="7605" status="PASS">
          <params>
            <param index="0">
              <value>
                <![CDATA[MyMoney]]>
              </value>
            </param>
            <param index="1">
              <value>
                <![CDATA[5]]>
              </value>
            </param>
            <param index="2">
              <value>
                <![CDATA[Nguyen]]>
              </value>
            </param>
            <param index="3">
              <value>
                <![CDATA[123 Main St]]>
              </value>
            </param>
            <param index="4">
              <value>
                <![CDATA[Dallas]]>
              </value>
            </param>
            <param index="5">
              <value>
                <![CDATA[IL]]>
              </value>
            </param>
            <param index="6">
              <value>
                <![CDATA[75000]]>
              </value>
            </param>
            <param index="7">
              <value>
                <![CDATA[MasterCard]]>
              </value>
            </param>
            <param index="8">
              <value>
                <![CDATA[123456789]]>
              </value>
            </param>
            <param index="9">
              <value>
                <![CDATA[11/29]]>
              </value>
            </param>
            <param index="10">
              <value>
                <![CDATA[success]]>
              </value>
            </param>
          </params>
          <reporter-output>
          </reporter-output>
        </test-method> <!-- verifyCheckAll -->
        <test-method is-config="true" signature="takeScreenshot(org.testng.ITestResult)[pri:0, instance:com.webOrders.test.WebOrder_Order_Test@4fad9bb2]" started-at="2025-08-21T15:12:03 IST" name="takeScreenshot" finished-at="2025-08-21T15:12:03 IST" duration-ms="2" status="PASS">
          <params>
            <param index="0">
              <value>
                <![CDATA[[TestResult name=verifyCheckAll status=SUCCESS method=WebOrder_Order_Test.verifyCheckAll(java.lang.String,java.lang.String,java.lang.String,java.lang.String,java.lang.String,java.lang.String,java.lang.String,java.lang.String,java.lang.String,java.lang.String,java.lang.String)[pri:1, instance:com.webOrders.test.WebOrder_Order_Test@4fad9bb2] output={null}]]]>
              </value>
            </param>
          </params>
          <reporter-output>
          </reporter-output>
        </test-method> <!-- takeScreenshot -->
        <test-method is-config="true" signature="tearDown()[pri:0, instance:com.webOrders.test.WebOrder_Order_Test@4fad9bb2]" started-at="2025-08-21T15:12:03 IST" name="tearDown" finished-at="2025-08-21T15:12:04 IST" duration-ms="1387" status="PASS">
          <reporter-output>
          </reporter-output>
        </test-method> <!-- tearDown -->
      </class> <!-- com.webOrders.test.WebOrder_Order_Test -->
      <class name="com.webOrders.test.WebOrder_ViewAllOrders_Test">
        <test-method is-config="true" signature="initializeTestBaseSetup(java.lang.String,java.lang.String)[pri:0, instance:com.webOrders.test.WebOrder_ViewAllOrders_Test@517d4a0d]" started-at="2025-08-21T15:12:04 IST" name="initializeTestBaseSetup" finished-at="2025-08-21T15:12:07 IST" duration-ms="3142" status="PASS">
          <params>
            <param index="0">
              <value>
                <![CDATA[edge]]>
              </value>
            </param>
            <param index="1">
              <value>
                <![CDATA[http://secure.smartbearsoftware.com/samples/TestComplete11/WebOrders/Login.aspx?ReturnUrl=%2fsamples%2fTestComplete11%2fWebOrders%2fDefault.aspx]]>
              </value>
            </param>
          </params>
          <reporter-output>
          </reporter-output>
        </test-method> <!-- initializeTestBaseSetup -->
        <test-method is-config="true" signature="setUp()[pri:0, instance:com.webOrders.test.WebOrder_ViewAllOrders_Test@517d4a0d]" started-at="2025-08-21T15:12:07 IST" name="setUp" finished-at="2025-08-21T15:12:07 IST" duration-ms="3" status="PASS">
          <reporter-output>
          </reporter-output>
        </test-method> <!-- setUp -->
        <test-method signature="verifyCheckAll()[pri:1, instance:com.webOrders.test.WebOrder_ViewAllOrders_Test@517d4a0d]" started-at="2025-08-21T15:12:07 IST" name="verifyCheckAll" description="Validate check all button" finished-at="2025-08-21T15:12:10 IST" duration-ms="3178" status="PASS">
          <reporter-output>
          </reporter-output>
        </test-method> <!-- verifyCheckAll -->
        <test-method is-config="true" signature="takeScreenshot(org.testng.ITestResult)[pri:0, instance:com.webOrders.test.WebOrder_ViewAllOrders_Test@517d4a0d]" started-at="2025-08-21T15:12:11 IST" name="takeScreenshot" finished-at="2025-08-21T15:12:11 IST" duration-ms="1" status="PASS">
          <params>
            <param index="0">
              <value>
                <![CDATA[[TestResult name=verifyCheckAll status=SUCCESS method=WebOrder_ViewAllOrders_Test.verifyCheckAll()[pri:1, instance:com.webOrders.test.WebOrder_ViewAllOrders_Test@517d4a0d] output={null}]]]>
              </value>
            </param>
          </params>
          <reporter-output>
          </reporter-output>
        </test-method> <!-- takeScreenshot -->
        <test-method signature="verifyUnCheckAll()[pri:2, instance:com.webOrders.test.WebOrder_ViewAllOrders_Test@517d4a0d]" started-at="2025-08-21T15:12:11 IST" name="verifyUnCheckAll" description="Validate uncheck all button" finished-at="2025-08-21T15:12:12 IST" duration-ms="1472" status="PASS">
          <reporter-output>
          </reporter-output>
        </test-method> <!-- verifyUnCheckAll -->
        <test-method signature="verifyDeleteOrder()[pri:3, instance:com.webOrders.test.WebOrder_ViewAllOrders_Test@517d4a0d]" started-at="2025-08-21T15:12:12 IST" name="verifyDeleteOrder" description="Validate user can delete an order" finished-at="2025-08-21T15:12:13 IST" duration-ms="750" status="PASS">
          <reporter-output>
          </reporter-output>
        </test-method> <!-- verifyDeleteOrder -->
        <test-method is-config="true" signature="takeScreenshot(org.testng.ITestResult)[pri:0, instance:com.webOrders.test.WebOrder_ViewAllOrders_Test@517d4a0d]" started-at="2025-08-21T15:12:12 IST" name="takeScreenshot" finished-at="2025-08-21T15:12:12 IST" duration-ms="0" status="PASS">
          <params>
            <param index="0">
              <value>
                <![CDATA[[TestResult name=verifyUnCheckAll status=SUCCESS method=WebOrder_ViewAllOrders_Test.verifyUnCheckAll()[pri:2, instance:com.webOrders.test.WebOrder_ViewAllOrders_Test@517d4a0d] output={null}]]]>
              </value>
            </param>
          </params>
          <reporter-output>
          </reporter-output>
        </test-method> <!-- takeScreenshot -->
        <test-method is-config="true" signature="takeScreenshot(org.testng.ITestResult)[pri:0, instance:com.webOrders.test.WebOrder_ViewAllOrders_Test@517d4a0d]" started-at="2025-08-21T15:12:13 IST" name="takeScreenshot" finished-at="2025-08-21T15:12:13 IST" duration-ms="1" status="PASS">
          <params>
            <param index="0">
              <value>
                <![CDATA[[TestResult name=verifyDeleteOrder status=SUCCESS method=WebOrder_ViewAllOrders_Test.verifyDeleteOrder()[pri:3, instance:com.webOrders.test.WebOrder_ViewAllOrders_Test@517d4a0d] output={null}]]]>
              </value>
            </param>
          </params>
          <reporter-output>
          </reporter-output>
        </test-method> <!-- takeScreenshot -->
        <test-method signature="verifyEditOrder(java.lang.String,java.lang.String,java.lang.String,java.lang.String,java.lang.String,java.lang.String,java.lang.String,java.lang.String,java.lang.String,java.lang.String,java.lang.String)[pri:4, instance:com.webOrders.test.WebOrder_ViewAllOrders_Test@517d4a0d]" started-at="2025-08-21T15:12:13 IST" name="verifyEditOrder" description="Validate user can edit an order" data-provider="Update Form" finished-at="2025-08-21T15:12:16 IST" duration-ms="3166" status="PASS">
          <params>
            <param index="0">
              <value>
                <![CDATA[MyMoney]]>
              </value>
            </param>
            <param index="1">
              <value>
                <![CDATA[5]]>
              </value>
            </param>
            <param index="2">
              <value>
                <![CDATA[Minh]]>
              </value>
            </param>
            <param index="3">
              <value>
                <![CDATA[123 Main St]]>
              </value>
            </param>
            <param index="4">
              <value>
                <![CDATA[Dallas]]>
              </value>
            </param>
            <param index="5">
              <value>
                <![CDATA[IL]]>
              </value>
            </param>
            <param index="6">
              <value>
                <![CDATA[75000]]>
              </value>
            </param>
            <param index="7">
              <value>
                <![CDATA[Visa]]>
              </value>
            </param>
            <param index="8">
              <value>
                <![CDATA[123456789]]>
              </value>
            </param>
            <param index="9">
              <value>
                <![CDATA[12/29]]>
              </value>
            </param>
            <param index="10">
              <value>
                <![CDATA[success]]>
              </value>
            </param>
          </params>
          <reporter-output>
          </reporter-output>
        </test-method> <!-- verifyEditOrder -->
        <test-method is-config="true" signature="takeScreenshot(org.testng.ITestResult)[pri:0, instance:com.webOrders.test.WebOrder_ViewAllOrders_Test@517d4a0d]" started-at="2025-08-21T15:12:17 IST" name="takeScreenshot" finished-at="2025-08-21T15:12:17 IST" duration-ms="0" status="PASS">
          <params>
            <param index="0">
              <value>
                <![CDATA[[TestResult name=verifyEditOrder status=SUCCESS method=WebOrder_ViewAllOrders_Test.verifyEditOrder(java.lang.String,java.lang.String,java.lang.String,java.lang.String,java.lang.String,java.lang.String,java.lang.String,java.lang.String,java.lang.String,java.lang.String,java.lang.String)[pri:4, instance:com.webOrders.test.WebOrder_ViewAllOrders_Test@517d4a0d] output={null}]]]>
              </value>
            </param>
          </params>
          <reporter-output>
          </reporter-output>
        </test-method> <!-- takeScreenshot -->
        <test-method signature="verifyEditOrder(java.lang.String,java.lang.String,java.lang.String,java.lang.String,java.lang.String,java.lang.String,java.lang.String,java.lang.String,java.lang.String,java.lang.String,java.lang.String)[pri:4, instance:com.webOrders.test.WebOrder_ViewAllOrders_Test@517d4a0d]" started-at="2025-08-21T15:12:17 IST" name="verifyEditOrder" description="Validate user can edit an order" data-provider="Update Form" finished-at="2025-08-21T15:12:19 IST" duration-ms="2858" status="PASS">
          <params>
            <param index="0">
              <value>
                <![CDATA[MyMoney]]>
              </value>
            </param>
            <param index="1">
              <value>
                <![CDATA[5]]>
              </value>
            </param>
            <param index="2">
              <value>
                <![CDATA[Nguyen]]>
              </value>
            </param>
            <param index="3">
              <value>
                <![CDATA[123 Main St]]>
              </value>
            </param>
            <param index="4">
              <value>
                <![CDATA[Dallas]]>
              </value>
            </param>
            <param index="5">
              <value>
                <![CDATA[IL]]>
              </value>
            </param>
            <param index="6">
              <value>
                <![CDATA[75000]]>
              </value>
            </param>
            <param index="7">
              <value>
                <![CDATA[MasterCard]]>
              </value>
            </param>
            <param index="8">
              <value>
                <![CDATA[123456789]]>
              </value>
            </param>
            <param index="9">
              <value>
                <![CDATA[11/29]]>
              </value>
            </param>
            <param index="10">
              <value>
                <![CDATA[success]]>
              </value>
            </param>
          </params>
          <reporter-output>
          </reporter-output>
        </test-method> <!-- verifyEditOrder -->
        <test-method is-config="true" signature="takeScreenshot(org.testng.ITestResult)[pri:0, instance:com.webOrders.test.WebOrder_ViewAllOrders_Test@517d4a0d]" started-at="2025-08-21T15:12:20 IST" name="takeScreenshot" finished-at="2025-08-21T15:12:20 IST" duration-ms="1" status="PASS">
          <params>
            <param index="0">
              <value>
                <![CDATA[[TestResult name=verifyEditOrder status=SUCCESS method=WebOrder_ViewAllOrders_Test.verifyEditOrder(java.lang.String,java.lang.String,java.lang.String,java.lang.String,java.lang.String,java.lang.String,java.lang.String,java.lang.String,java.lang.String,java.lang.String,java.lang.String)[pri:4, instance:com.webOrders.test.WebOrder_ViewAllOrders_Test@517d4a0d] output={null}]]]>
              </value>
            </param>
          </params>
          <reporter-output>
          </reporter-output>
        </test-method> <!-- takeScreenshot -->
        <test-method signature="verifyError(java.lang.String,java.lang.String,java.lang.String,java.lang.String,java.lang.String,java.lang.String,java.lang.String,java.lang.String,java.lang.String,java.lang.String,java.lang.String)[pri:5, instance:com.webOrders.test.WebOrder_ViewAllOrders_Test@517d4a0d]" started-at="2025-08-21T15:12:20 IST" name="verifyError" description="Validate error is displayed while editing an order with invalid Data" data-provider="Update Order Form Error" finished-at="2025-08-21T15:12:21 IST" duration-ms="1187" status="PASS">
          <params>
            <param index="0">
              <value>
                <![CDATA[MyMoney]]>
              </value>
            </param>
            <param index="1">
              <value>
                <![CDATA[]]>
              </value>
            </param>
            <param index="2">
              <value>
                <![CDATA[Minh]]>
              </value>
            </param>
            <param index="3">
              <value>
                <![CDATA[123 Main St]]>
              </value>
            </param>
            <param index="4">
              <value>
                <![CDATA[Dallas]]>
              </value>
            </param>
            <param index="5">
              <value>
                <![CDATA[ABC]]>
              </value>
            </param>
            <param index="6">
              <value>
                <![CDATA[75000]]>
              </value>
            </param>
            <param index="7">
              <value>
                <![CDATA[Visa]]>
              </value>
            </param>
            <param index="8">
              <value>
                <![CDATA[123456789]]>
              </value>
            </param>
            <param index="9">
              <value>
                <![CDATA[12/29]]>
              </value>
            </param>
            <param index="10">
              <value>
                <![CDATA[empty_quantity]]>
              </value>
            </param>
          </params>
          <reporter-output>
          </reporter-output>
        </test-method> <!-- verifyError -->
        <test-method signature="verifyError(java.lang.String,java.lang.String,java.lang.String,java.lang.String,java.lang.String,java.lang.String,java.lang.String,java.lang.String,java.lang.String,java.lang.String,java.lang.String)[pri:5, instance:com.webOrders.test.WebOrder_ViewAllOrders_Test@517d4a0d]" started-at="2025-08-21T15:12:21 IST" name="verifyError" description="Validate error is displayed while editing an order with invalid Data" data-provider="Update Order Form Error" finished-at="2025-08-21T15:12:22 IST" duration-ms="1564" status="PASS">
          <params>
            <param index="0">
              <value>
                <![CDATA[MyMoney]]>
              </value>
            </param>
            <param index="1">
              <value>
                <![CDATA[0]]>
              </value>
            </param>
            <param index="2">
              <value>
                <![CDATA[Minh]]>
              </value>
            </param>
            <param index="3">
              <value>
                <![CDATA[123 Main St]]>
              </value>
            </param>
            <param index="4">
              <value>
                <![CDATA[Dallas]]>
              </value>
            </param>
            <param index="5">
              <value>
                <![CDATA[ILA]]>
              </value>
            </param>
            <param index="6">
              <value>
                <![CDATA[75000]]>
              </value>
            </param>
            <param index="7">
              <value>
                <![CDATA[Visa]]>
              </value>
            </param>
            <param index="8">
              <value>
                <![CDATA[123456789]]>
              </value>
            </param>
            <param index="9">
              <value>
                <![CDATA[12/29]]>
              </value>
            </param>
            <param index="10">
              <value>
                <![CDATA[invalid_quantity]]>
              </value>
            </param>
          </params>
          <reporter-output>
          </reporter-output>
        </test-method> <!-- verifyError -->
        <test-method is-config="true" signature="takeScreenshot(org.testng.ITestResult)[pri:0, instance:com.webOrders.test.WebOrder_ViewAllOrders_Test@517d4a0d]" started-at="2025-08-21T15:12:21 IST" name="takeScreenshot" finished-at="2025-08-21T15:12:21 IST" duration-ms="0" status="PASS">
          <params>
            <param index="0">
              <value>
                <![CDATA[[TestResult name=verifyError status=SUCCESS method=WebOrder_ViewAllOrders_Test.verifyError(java.lang.String,java.lang.String,java.lang.String,java.lang.String,java.lang.String,java.lang.String,java.lang.String,java.lang.String,java.lang.String,java.lang.String,java.lang.String)[pri:5, instance:com.webOrders.test.WebOrder_ViewAllOrders_Test@517d4a0d] output={null}]]]>
              </value>
            </param>
          </params>
          <reporter-output>
          </reporter-output>
        </test-method> <!-- takeScreenshot -->
        <test-method is-config="true" signature="takeScreenshot(org.testng.ITestResult)[pri:0, instance:com.webOrders.test.WebOrder_ViewAllOrders_Test@517d4a0d]" started-at="2025-08-21T15:12:23 IST" name="takeScreenshot" finished-at="2025-08-21T15:12:23 IST" duration-ms="1" status="PASS">
          <params>
            <param index="0">
              <value>
                <![CDATA[[TestResult name=verifyError status=SUCCESS method=WebOrder_ViewAllOrders_Test.verifyError(java.lang.String,java.lang.String,java.lang.String,java.lang.String,java.lang.String,java.lang.String,java.lang.String,java.lang.String,java.lang.String,java.lang.String,java.lang.String)[pri:5, instance:com.webOrders.test.WebOrder_ViewAllOrders_Test@517d4a0d] output={null}]]]>
              </value>
            </param>
          </params>
          <reporter-output>
          </reporter-output>
        </test-method> <!-- takeScreenshot -->
        <test-method signature="verifyError(java.lang.String,java.lang.String,java.lang.String,java.lang.String,java.lang.String,java.lang.String,java.lang.String,java.lang.String,java.lang.String,java.lang.String,java.lang.String)[pri:5, instance:com.webOrders.test.WebOrder_ViewAllOrders_Test@517d4a0d]" started-at="2025-08-21T15:12:23 IST" name="verifyError" description="Validate error is displayed while editing an order with invalid Data" data-provider="Update Order Form Error" finished-at="2025-08-21T15:12:24 IST" duration-ms="1373" status="PASS">
          <params>
            <param index="0">
              <value>
                <![CDATA[MyMoney]]>
              </value>
            </param>
            <param index="1">
              <value>
                <![CDATA[5]]>
              </value>
            </param>
            <param index="2">
              <value>
                <![CDATA[]]>
              </value>
            </param>
            <param index="3">
              <value>
                <![CDATA[123 Main St]]>
              </value>
            </param>
            <param index="4">
              <value>
                <![CDATA[Dallas]]>
              </value>
            </param>
            <param index="5">
              <value>
                <![CDATA[ILA]]>
              </value>
            </param>
            <param index="6">
              <value>
                <![CDATA[75000]]>
              </value>
            </param>
            <param index="7">
              <value>
                <![CDATA[Visa]]>
              </value>
            </param>
            <param index="8">
              <value>
                <![CDATA[123456789]]>
              </value>
            </param>
            <param index="9">
              <value>
                <![CDATA[12/29]]>
              </value>
            </param>
            <param index="10">
              <value>
                <![CDATA[empty_name]]>
              </value>
            </param>
          </params>
          <reporter-output>
          </reporter-output>
        </test-method> <!-- verifyError -->
        <test-method is-config="true" signature="takeScreenshot(org.testng.ITestResult)[pri:0, instance:com.webOrders.test.WebOrder_ViewAllOrders_Test@517d4a0d]" started-at="2025-08-21T15:12:24 IST" name="takeScreenshot" finished-at="2025-08-21T15:12:24 IST" duration-ms="1" status="PASS">
          <params>
            <param index="0">
              <value>
                <![CDATA[[TestResult name=verifyError status=SUCCESS method=WebOrder_ViewAllOrders_Test.verifyError(java.lang.String,java.lang.String,java.lang.String,java.lang.String,java.lang.String,java.lang.String,java.lang.String,java.lang.String,java.lang.String,java.lang.String,java.lang.String)[pri:5, instance:com.webOrders.test.WebOrder_ViewAllOrders_Test@517d4a0d] output={null}]]]>
              </value>
            </param>
          </params>
          <reporter-output>
          </reporter-output>
        </test-method> <!-- takeScreenshot -->
        <test-method signature="verifyError(java.lang.String,java.lang.String,java.lang.String,java.lang.String,java.lang.String,java.lang.String,java.lang.String,java.lang.String,java.lang.String,java.lang.String,java.lang.String)[pri:5, instance:com.webOrders.test.WebOrder_ViewAllOrders_Test@517d4a0d]" started-at="2025-08-21T15:12:24 IST" name="verifyError" description="Validate error is displayed while editing an order with invalid Data" data-provider="Update Order Form Error" finished-at="2025-08-21T15:12:25 IST" duration-ms="1300" status="PASS">
          <params>
            <param index="0">
              <value>
                <![CDATA[MyMoney]]>
              </value>
            </param>
            <param index="1">
              <value>
                <![CDATA[5]]>
              </value>
            </param>
            <param index="2">
              <value>
                <![CDATA[Minh]]>
              </value>
            </param>
            <param index="3">
              <value>
                <![CDATA[]]>
              </value>
            </param>
            <param index="4">
              <value>
                <![CDATA[Dallas]]>
              </value>
            </param>
            <param index="5">
              <value>
                <![CDATA[IL]]>
              </value>
            </param>
            <param index="6">
              <value>
                <![CDATA[75000]]>
              </value>
            </param>
            <param index="7">
              <value>
                <![CDATA[Visa]]>
              </value>
            </param>
            <param index="8">
              <value>
                <![CDATA[123456789]]>
              </value>
            </param>
            <param index="9">
              <value>
                <![CDATA[12/29]]>
              </value>
            </param>
            <param index="10">
              <value>
                <![CDATA[empty_street]]>
              </value>
            </param>
          </params>
          <reporter-output>
          </reporter-output>
        </test-method> <!-- verifyError -->
        <test-method signature="verifyError(java.lang.String,java.lang.String,java.lang.String,java.lang.String,java.lang.String,java.lang.String,java.lang.String,java.lang.String,java.lang.String,java.lang.String,java.lang.String)[pri:5, instance:com.webOrders.test.WebOrder_ViewAllOrders_Test@517d4a0d]" started-at="2025-08-21T15:12:26 IST" name="verifyError" description="Validate error is displayed while editing an order with invalid Data" data-provider="Update Order Form Error" finished-at="2025-08-21T15:12:27 IST" duration-ms="1212" status="PASS">
          <params>
            <param index="0">
              <value>
                <![CDATA[MyMoney]]>
              </value>
            </param>
            <param index="1">
              <value>
                <![CDATA[5]]>
              </value>
            </param>
            <param index="2">
              <value>
                <![CDATA[Minh]]>
              </value>
            </param>
            <param index="3">
              <value>
                <![CDATA[123 Main St]]>
              </value>
            </param>
            <param index="4">
              <value>
                <![CDATA[]]>
              </value>
            </param>
            <param index="5">
              <value>
                <![CDATA[IL]]>
              </value>
            </param>
            <param index="6">
              <value>
                <![CDATA[75000]]>
              </value>
            </param>
            <param index="7">
              <value>
                <![CDATA[Visa]]>
              </value>
            </param>
            <param index="8">
              <value>
                <![CDATA[123456789]]>
              </value>
            </param>
            <param index="9">
              <value>
                <![CDATA[12/29]]>
              </value>
            </param>
            <param index="10">
              <value>
                <![CDATA[empty_city]]>
              </value>
            </param>
          </params>
          <reporter-output>
          </reporter-output>
        </test-method> <!-- verifyError -->
        <test-method is-config="true" signature="takeScreenshot(org.testng.ITestResult)[pri:0, instance:com.webOrders.test.WebOrder_ViewAllOrders_Test@517d4a0d]" started-at="2025-08-21T15:12:26 IST" name="takeScreenshot" finished-at="2025-08-21T15:12:26 IST" duration-ms="0" status="PASS">
          <params>
            <param index="0">
              <value>
                <![CDATA[[TestResult name=verifyError status=SUCCESS method=WebOrder_ViewAllOrders_Test.verifyError(java.lang.String,java.lang.String,java.lang.String,java.lang.String,java.lang.String,java.lang.String,java.lang.String,java.lang.String,java.lang.String,java.lang.String,java.lang.String)[pri:5, instance:com.webOrders.test.WebOrder_ViewAllOrders_Test@517d4a0d] output={null}]]]>
              </value>
            </param>
          </params>
          <reporter-output>
          </reporter-output>
        </test-method> <!-- takeScreenshot -->
        <test-method is-config="true" signature="takeScreenshot(org.testng.ITestResult)[pri:0, instance:com.webOrders.test.WebOrder_ViewAllOrders_Test@517d4a0d]" started-at="2025-08-21T15:12:27 IST" name="takeScreenshot" finished-at="2025-08-21T15:12:27 IST" duration-ms="1" status="PASS">
          <params>
            <param index="0">
              <value>
                <![CDATA[[TestResult name=verifyError status=SUCCESS method=WebOrder_ViewAllOrders_Test.verifyError(java.lang.String,java.lang.String,java.lang.String,java.lang.String,java.lang.String,java.lang.String,java.lang.String,java.lang.String,java.lang.String,java.lang.String,java.lang.String)[pri:5, instance:com.webOrders.test.WebOrder_ViewAllOrders_Test@517d4a0d] output={null}]]]>
              </value>
            </param>
          </params>
          <reporter-output>
          </reporter-output>
        </test-method> <!-- takeScreenshot -->
        <test-method signature="verifyError(java.lang.String,java.lang.String,java.lang.String,java.lang.String,java.lang.String,java.lang.String,java.lang.String,java.lang.String,java.lang.String,java.lang.String,java.lang.String)[pri:5, instance:com.webOrders.test.WebOrder_ViewAllOrders_Test@517d4a0d]" started-at="2025-08-21T15:12:27 IST" name="verifyError" description="Validate error is displayed while editing an order with invalid Data" data-provider="Update Order Form Error" finished-at="2025-08-21T15:12:28 IST" duration-ms="1133" status="PASS">
          <params>
            <param index="0">
              <value>
                <![CDATA[MyMoney]]>
              </value>
            </param>
            <param index="1">
              <value>
                <![CDATA[5]]>
              </value>
            </param>
            <param index="2">
              <value>
                <![CDATA[Minh]]>
              </value>
            </param>
            <param index="3">
              <value>
                <![CDATA[123 Main St]]>
              </value>
            </param>
            <param index="4">
              <value>
                <![CDATA[Dallas]]>
              </value>
            </param>
            <param index="5">
              <value>
                <![CDATA[IL]]>
              </value>
            </param>
            <param index="6">
              <value>
                <![CDATA[]]>
              </value>
            </param>
            <param index="7">
              <value>
                <![CDATA[Visa]]>
              </value>
            </param>
            <param index="8">
              <value>
                <![CDATA[123456789]]>
              </value>
            </param>
            <param index="9">
              <value>
                <![CDATA[12/29]]>
              </value>
            </param>
            <param index="10">
              <value>
                <![CDATA[empty_zip]]>
              </value>
            </param>
          </params>
          <reporter-output>
          </reporter-output>
        </test-method> <!-- verifyError -->
        <test-method signature="verifyError(java.lang.String,java.lang.String,java.lang.String,java.lang.String,java.lang.String,java.lang.String,java.lang.String,java.lang.String,java.lang.String,java.lang.String,java.lang.String)[pri:5, instance:com.webOrders.test.WebOrder_ViewAllOrders_Test@517d4a0d]" started-at="2025-08-21T15:12:28 IST" name="verifyError" description="Validate error is displayed while editing an order with invalid Data" data-provider="Update Order Form Error" finished-at="2025-08-21T15:12:30 IST" duration-ms="1186" status="PASS">
          <params>
            <param index="0">
              <value>
                <![CDATA[MyMoney]]>
              </value>
            </param>
            <param index="1">
              <value>
                <![CDATA[5]]>
              </value>
            </param>
            <param index="2">
              <value>
                <![CDATA[Minh]]>
              </value>
            </param>
            <param index="3">
              <value>
                <![CDATA[123 Main St]]>
              </value>
            </param>
            <param index="4">
              <value>
                <![CDATA[Dallas]]>
              </value>
            </param>
            <param index="5">
              <value>
                <![CDATA[IL]]>
              </value>
            </param>
            <param index="6">
              <value>
                <![CDATA[abcde]]>
              </value>
            </param>
            <param index="7">
              <value>
                <![CDATA[Visa]]>
              </value>
            </param>
            <param index="8">
              <value>
                <![CDATA[123456789]]>
              </value>
            </param>
            <param index="9">
              <value>
                <![CDATA[12/29]]>
              </value>
            </param>
            <param index="10">
              <value>
                <![CDATA[invalid_zip]]>
              </value>
            </param>
          </params>
          <reporter-output>
          </reporter-output>
        </test-method> <!-- verifyError -->
        <test-method is-config="true" signature="takeScreenshot(org.testng.ITestResult)[pri:0, instance:com.webOrders.test.WebOrder_ViewAllOrders_Test@517d4a0d]" started-at="2025-08-21T15:12:28 IST" name="takeScreenshot" finished-at="2025-08-21T15:12:28 IST" duration-ms="0" status="PASS">
          <params>
            <param index="0">
              <value>
                <![CDATA[[TestResult name=verifyError status=SUCCESS method=WebOrder_ViewAllOrders_Test.verifyError(java.lang.String,java.lang.String,java.lang.String,java.lang.String,java.lang.String,java.lang.String,java.lang.String,java.lang.String,java.lang.String,java.lang.String,java.lang.String)[pri:5, instance:com.webOrders.test.WebOrder_ViewAllOrders_Test@517d4a0d] output={null}]]]>
              </value>
            </param>
          </params>
          <reporter-output>
          </reporter-output>
        </test-method> <!-- takeScreenshot -->
        <test-method signature="verifyError(java.lang.String,java.lang.String,java.lang.String,java.lang.String,java.lang.String,java.lang.String,java.lang.String,java.lang.String,java.lang.String,java.lang.String,java.lang.String)[pri:5, instance:com.webOrders.test.WebOrder_ViewAllOrders_Test@517d4a0d]" started-at="2025-08-21T15:12:30 IST" name="verifyError" description="Validate error is displayed while editing an order with invalid Data" data-provider="Update Order Form Error" finished-at="2025-08-21T15:12:31 IST" duration-ms="1127" status="PASS">
          <params>
            <param index="0">
              <value>
                <![CDATA[MyMoney]]>
              </value>
            </param>
            <param index="1">
              <value>
                <![CDATA[5]]>
              </value>
            </param>
            <param index="2">
              <value>
                <![CDATA[Minh]]>
              </value>
            </param>
            <param index="3">
              <value>
                <![CDATA[123 Main St]]>
              </value>
            </param>
            <param index="4">
              <value>
                <![CDATA[Dallas]]>
              </value>
            </param>
            <param index="5">
              <value>
                <![CDATA[IL]]>
              </value>
            </param>
            <param index="6">
              <value>
                <![CDATA[75000]]>
              </value>
            </param>
            <param index="7">
              <value>
                <![CDATA[Visa]]>
              </value>
            </param>
            <param index="8">
              <value>
                <![CDATA[]]>
              </value>
            </param>
            <param index="9">
              <value>
                <![CDATA[12/29]]>
              </value>
            </param>
            <param index="10">
              <value>
                <![CDATA[empty_cardnr]]>
              </value>
            </param>
          </params>
          <reporter-output>
          </reporter-output>
        </test-method> <!-- verifyError -->
        <test-method is-config="true" signature="takeScreenshot(org.testng.ITestResult)[pri:0, instance:com.webOrders.test.WebOrder_ViewAllOrders_Test@517d4a0d]" started-at="2025-08-21T15:12:30 IST" name="takeScreenshot" finished-at="2025-08-21T15:12:30 IST" duration-ms="0" status="PASS">
          <params>
            <param index="0">
              <value>
                <![CDATA[[TestResult name=verifyError status=SUCCESS method=WebOrder_ViewAllOrders_Test.verifyError(java.lang.String,java.lang.String,java.lang.String,java.lang.String,java.lang.String,java.lang.String,java.lang.String,java.lang.String,java.lang.String,java.lang.String,java.lang.String)[pri:5, instance:com.webOrders.test.WebOrder_ViewAllOrders_Test@517d4a0d] output={null}]]]>
              </value>
            </param>
          </params>
          <reporter-output>
          </reporter-output>
        </test-method> <!-- takeScreenshot -->
        <test-method is-config="true" signature="takeScreenshot(org.testng.ITestResult)[pri:0, instance:com.webOrders.test.WebOrder_ViewAllOrders_Test@517d4a0d]" started-at="2025-08-21T15:12:31 IST" name="takeScreenshot" finished-at="2025-08-21T15:12:31 IST" duration-ms="1" status="PASS">
          <params>
            <param index="0">
              <value>
                <![CDATA[[TestResult name=verifyError status=SUCCESS method=WebOrder_ViewAllOrders_Test.verifyError(java.lang.String,java.lang.String,java.lang.String,java.lang.String,java.lang.String,java.lang.String,java.lang.String,java.lang.String,java.lang.String,java.lang.String,java.lang.String)[pri:5, instance:com.webOrders.test.WebOrder_ViewAllOrders_Test@517d4a0d] output={null}]]]>
              </value>
            </param>
          </params>
          <reporter-output>
          </reporter-output>
        </test-method> <!-- takeScreenshot -->
        <test-method signature="verifyError(java.lang.String,java.lang.String,java.lang.String,java.lang.String,java.lang.String,java.lang.String,java.lang.String,java.lang.String,java.lang.String,java.lang.String,java.lang.String)[pri:5, instance:com.webOrders.test.WebOrder_ViewAllOrders_Test@517d4a0d]" started-at="2025-08-21T15:12:31 IST" name="verifyError" description="Validate error is displayed while editing an order with invalid Data" data-provider="Update Order Form Error" finished-at="2025-08-21T15:12:32 IST" duration-ms="1201" status="PASS">
          <params>
            <param index="0">
              <value>
                <![CDATA[MyMoney]]>
              </value>
            </param>
            <param index="1">
              <value>
                <![CDATA[5]]>
              </value>
            </param>
            <param index="2">
              <value>
                <![CDATA[Minh]]>
              </value>
            </param>
            <param index="3">
              <value>
                <![CDATA[123 Main St]]>
              </value>
            </param>
            <param index="4">
              <value>
                <![CDATA[Dallas]]>
              </value>
            </param>
            <param index="5">
              <value>
                <![CDATA[IL]]>
              </value>
            </param>
            <param index="6">
              <value>
                <![CDATA[75000]]>
              </value>
            </param>
            <param index="7">
              <value>
                <![CDATA[Visa]]>
              </value>
            </param>
            <param index="8">
              <value>
                <![CDATA[abcdef]]>
              </value>
            </param>
            <param index="9">
              <value>
                <![CDATA[12/29]]>
              </value>
            </param>
            <param index="10">
              <value>
                <![CDATA[invalid_cardnr]]>
              </value>
            </param>
          </params>
          <reporter-output>
          </reporter-output>
        </test-method> <!-- verifyError -->
        <test-method signature="verifyError(java.lang.String,java.lang.String,java.lang.String,java.lang.String,java.lang.String,java.lang.String,java.lang.String,java.lang.String,java.lang.String,java.lang.String,java.lang.String)[pri:5, instance:com.webOrders.test.WebOrder_ViewAllOrders_Test@517d4a0d]" started-at="2025-08-21T15:12:32 IST" name="verifyError" description="Validate error is displayed while editing an order with invalid Data" data-provider="Update Order Form Error" finished-at="2025-08-21T15:12:34 IST" duration-ms="1147" status="PASS">
          <params>
            <param index="0">
              <value>
                <![CDATA[MyMoney]]>
              </value>
            </param>
            <param index="1">
              <value>
                <![CDATA[5]]>
              </value>
            </param>
            <param index="2">
              <value>
                <![CDATA[Minh]]>
              </value>
            </param>
            <param index="3">
              <value>
                <![CDATA[123 Main St]]>
              </value>
            </param>
            <param index="4">
              <value>
                <![CDATA[Dallas]]>
              </value>
            </param>
            <param index="5">
              <value>
                <![CDATA[IL]]>
              </value>
            </param>
            <param index="6">
              <value>
                <![CDATA[75000]]>
              </value>
            </param>
            <param index="7">
              <value>
                <![CDATA[Visa]]>
              </value>
            </param>
            <param index="8">
              <value>
                <![CDATA[123456789]]>
              </value>
            </param>
            <param index="9">
              <value>
                <![CDATA[]]>
              </value>
            </param>
            <param index="10">
              <value>
                <![CDATA[empty_expdate]]>
              </value>
            </param>
          </params>
          <reporter-output>
          </reporter-output>
        </test-method> <!-- verifyError -->
        <test-method is-config="true" signature="takeScreenshot(org.testng.ITestResult)[pri:0, instance:com.webOrders.test.WebOrder_ViewAllOrders_Test@517d4a0d]" started-at="2025-08-21T15:12:32 IST" name="takeScreenshot" finished-at="2025-08-21T15:12:32 IST" duration-ms="0" status="PASS">
          <params>
            <param index="0">
              <value>
                <![CDATA[[TestResult name=verifyError status=SUCCESS method=WebOrder_ViewAllOrders_Test.verifyError(java.lang.String,java.lang.String,java.lang.String,java.lang.String,java.lang.String,java.lang.String,java.lang.String,java.lang.String,java.lang.String,java.lang.String,java.lang.String)[pri:5, instance:com.webOrders.test.WebOrder_ViewAllOrders_Test@517d4a0d] output={null}]]]>
              </value>
            </param>
          </params>
          <reporter-output>
          </reporter-output>
        </test-method> <!-- takeScreenshot -->
        <test-method is-config="true" signature="takeScreenshot(org.testng.ITestResult)[pri:0, instance:com.webOrders.test.WebOrder_ViewAllOrders_Test@517d4a0d]" started-at="2025-08-21T15:12:34 IST" name="takeScreenshot" finished-at="2025-08-21T15:12:34 IST" duration-ms="1" status="PASS">
          <params>
            <param index="0">
              <value>
                <![CDATA[[TestResult name=verifyError status=SUCCESS method=WebOrder_ViewAllOrders_Test.verifyError(java.lang.String,java.lang.String,java.lang.String,java.lang.String,java.lang.String,java.lang.String,java.lang.String,java.lang.String,java.lang.String,java.lang.String,java.lang.String)[pri:5, instance:com.webOrders.test.WebOrder_ViewAllOrders_Test@517d4a0d] output={null}]]]>
              </value>
            </param>
          </params>
          <reporter-output>
          </reporter-output>
        </test-method> <!-- takeScreenshot -->
        <test-method signature="verifyError(java.lang.String,java.lang.String,java.lang.String,java.lang.String,java.lang.String,java.lang.String,java.lang.String,java.lang.String,java.lang.String,java.lang.String,java.lang.String)[pri:5, instance:com.webOrders.test.WebOrder_ViewAllOrders_Test@517d4a0d]" started-at="2025-08-21T15:12:34 IST" name="verifyError" description="Validate error is displayed while editing an order with invalid Data" data-provider="Update Order Form Error" finished-at="2025-08-21T15:12:35 IST" duration-ms="923" status="PASS">
          <params>
            <param index="0">
              <value>
                <![CDATA[MyMoney]]>
              </value>
            </param>
            <param index="1">
              <value>
                <![CDATA[5]]>
              </value>
            </param>
            <param index="2">
              <value>
                <![CDATA[Minh]]>
              </value>
            </param>
            <param index="3">
              <value>
                <![CDATA[123 Main St]]>
              </value>
            </param>
            <param index="4">
              <value>
                <![CDATA[Dallas]]>
              </value>
            </param>
            <param index="5">
              <value>
                <![CDATA[IL]]>
              </value>
            </param>
            <param index="6">
              <value>
                <![CDATA[75000]]>
              </value>
            </param>
            <param index="7">
              <value>
                <![CDATA[Visa]]>
              </value>
            </param>
            <param index="8">
              <value>
                <![CDATA[123456789]]>
              </value>
            </param>
            <param index="9">
              <value>
                <![CDATA[abcdef]]>
              </value>
            </param>
            <param index="10">
              <value>
                <![CDATA[invalid_date]]>
              </value>
            </param>
          </params>
          <reporter-output>
          </reporter-output>
        </test-method> <!-- verifyError -->
        <test-method is-config="true" signature="takeScreenshot(org.testng.ITestResult)[pri:0, instance:com.webOrders.test.WebOrder_ViewAllOrders_Test@517d4a0d]" started-at="2025-08-21T15:12:35 IST" name="takeScreenshot" finished-at="2025-08-21T15:12:35 IST" duration-ms="0" status="PASS">
          <params>
            <param index="0">
              <value>
                <![CDATA[[TestResult name=verifyError status=SUCCESS method=WebOrder_ViewAllOrders_Test.verifyError(java.lang.String,java.lang.String,java.lang.String,java.lang.String,java.lang.String,java.lang.String,java.lang.String,java.lang.String,java.lang.String,java.lang.String,java.lang.String)[pri:5, instance:com.webOrders.test.WebOrder_ViewAllOrders_Test@517d4a0d] output={null}]]]>
              </value>
            </param>
          </params>
          <reporter-output>
          </reporter-output>
        </test-method> <!-- takeScreenshot -->
        <test-method signature="verifyError(java.lang.String,java.lang.String,java.lang.String,java.lang.String,java.lang.String,java.lang.String,java.lang.String,java.lang.String,java.lang.String,java.lang.String,java.lang.String)[pri:5, instance:com.webOrders.test.WebOrder_ViewAllOrders_Test@517d4a0d]" started-at="2025-08-21T15:12:35 IST" name="verifyError" description="Validate error is displayed while editing an order with invalid Data" data-provider="Update Order Form Error" finished-at="2025-08-21T15:12:36 IST" duration-ms="938" status="PASS">
          <params>
            <param index="0">
              <value>
                <![CDATA[MyMoney]]>
              </value>
            </param>
            <param index="1">
              <value>
                <![CDATA[5]]>
              </value>
            </param>
            <param index="2">
              <value>
                <![CDATA[Minh]]>
              </value>
            </param>
            <param index="3">
              <value>
                <![CDATA[123 Main St]]>
              </value>
            </param>
            <param index="4">
              <value>
                <![CDATA[Dallas]]>
              </value>
            </param>
            <param index="5">
              <value>
                <![CDATA[IL]]>
              </value>
            </param>
            <param index="6">
              <value>
                <![CDATA[75000]]>
              </value>
            </param>
            <param index="7">
              <value>
                <![CDATA[Visa]]>
              </value>
            </param>
            <param index="8">
              <value>
                <![CDATA[123456789]]>
              </value>
            </param>
            <param index="9">
              <value>
                <![CDATA[12-23]]>
              </value>
            </param>
            <param index="10">
              <value>
                <![CDATA[invalid_date]]>
              </value>
            </param>
          </params>
          <reporter-output>
          </reporter-output>
        </test-method> <!-- verifyError -->
        <test-method is-config="true" signature="takeScreenshot(org.testng.ITestResult)[pri:0, instance:com.webOrders.test.WebOrder_ViewAllOrders_Test@517d4a0d]" started-at="2025-08-21T15:12:36 IST" name="takeScreenshot" finished-at="2025-08-21T15:12:36 IST" duration-ms="0" status="PASS">
          <params>
            <param index="0">
              <value>
                <![CDATA[[TestResult name=verifyError status=SUCCESS method=WebOrder_ViewAllOrders_Test.verifyError(java.lang.String,java.lang.String,java.lang.String,java.lang.String,java.lang.String,java.lang.String,java.lang.String,java.lang.String,java.lang.String,java.lang.String,java.lang.String)[pri:5, instance:com.webOrders.test.WebOrder_ViewAllOrders_Test@517d4a0d] output={null}]]]>
              </value>
            </param>
          </params>
          <reporter-output>
          </reporter-output>
        </test-method> <!-- takeScreenshot -->
        <test-method is-config="true" signature="tearDown()[pri:0, instance:com.webOrders.test.WebOrder_ViewAllOrders_Test@517d4a0d]" started-at="2025-08-21T15:12:36 IST" name="tearDown" finished-at="2025-08-21T15:12:37 IST" duration-ms="1337" status="PASS">
          <reporter-output>
          </reporter-output>
        </test-method> <!-- tearDown -->
      </class> <!-- com.webOrders.test.WebOrder_ViewAllOrders_Test -->
      <class name="com.webOrders.test.WebOrders_Login">
        <test-method is-config="true" signature="SetUp(java.lang.String)[pri:0, instance:com.webOrders.test.WebOrders_Login@176b3f44]" started-at="2025-08-21T15:11:13 IST" name="SetUp" finished-at="2025-08-21T15:11:13 IST" duration-ms="16" status="PASS">
          <params>
            <param index="0">
              <value>
                <![CDATA[edge]]>
              </value>
            </param>
          </params>
          <reporter-output>
          </reporter-output>
        </test-method> <!-- SetUp -->
        <test-method is-config="true" signature="initializeTestBaseSetup(java.lang.String,java.lang.String)[pri:0, instance:com.webOrders.test.WebOrders_Login@176b3f44]" started-at="2025-08-21T15:11:13 IST" name="initializeTestBaseSetup" finished-at="2025-08-21T15:11:17 IST" duration-ms="3711" status="PASS">
          <params>
            <param index="0">
              <value>
                <![CDATA[edge]]>
              </value>
            </param>
            <param index="1">
              <value>
                <![CDATA[http://secure.smartbearsoftware.com/samples/TestComplete11/WebOrders/Login.aspx?ReturnUrl=%2fsamples%2fTestComplete11%2fWebOrders%2fDefault.aspx]]>
              </value>
            </param>
          </params>
          <reporter-output>
          </reporter-output>
        </test-method> <!-- initializeTestBaseSetup -->
        <test-method is-config="true" signature="setUp()[pri:0, instance:com.webOrders.test.WebOrders_Login@176b3f44]" started-at="2025-08-21T15:11:17 IST" name="setUp" finished-at="2025-08-21T15:11:17 IST" duration-ms="54" status="PASS">
          <reporter-output>
          </reporter-output>
        </test-method> <!-- setUp -->
        <test-method signature="loginTest()[pri:1, instance:com.webOrders.test.WebOrders_Login@176b3f44]" started-at="2025-08-21T15:11:17 IST" name="loginTest" description="Login and validate the WebOrder Homepage Text" finished-at="2025-08-21T15:11:26 IST" duration-ms="9032" status="PASS">
          <reporter-output>
          </reporter-output>
        </test-method> <!-- loginTest -->
        <test-method is-config="true" signature="takeScreenshot(org.testng.ITestResult)[pri:0, instance:com.webOrders.test.WebOrders_Login@176b3f44]" started-at="2025-08-21T15:11:26 IST" name="takeScreenshot" finished-at="2025-08-21T15:11:26 IST" duration-ms="4" status="PASS">
          <params>
            <param index="0">
              <value>
                <![CDATA[[TestResult name=loginTest status=SUCCESS method=WebOrders_Login.loginTest()[pri:1, instance:com.webOrders.test.WebOrders_Login@176b3f44] output={null}]]]>
              </value>
            </param>
          </params>
          <reporter-output>
          </reporter-output>
        </test-method> <!-- takeScreenshot -->
        <test-method signature="urlTest()[pri:2, instance:com.webOrders.test.WebOrders_Login@176b3f44]" started-at="2025-08-21T15:11:26 IST" name="urlTest" description="validateURL() method call for URL verification" finished-at="2025-08-21T15:11:35 IST" duration-ms="8281" status="PASS">
          <reporter-output>
          </reporter-output>
        </test-method> <!-- urlTest -->
        <test-method is-config="true" signature="takeScreenshot(org.testng.ITestResult)[pri:0, instance:com.webOrders.test.WebOrders_Login@176b3f44]" started-at="2025-08-21T15:11:35 IST" name="takeScreenshot" finished-at="2025-08-21T15:11:35 IST" duration-ms="1" status="PASS">
          <params>
            <param index="0">
              <value>
                <![CDATA[[TestResult name=urlTest status=SUCCESS method=WebOrders_Login.urlTest()[pri:2, instance:com.webOrders.test.WebOrders_Login@176b3f44] output={null}]]]>
              </value>
            </param>
          </params>
          <reporter-output>
          </reporter-output>
        </test-method> <!-- takeScreenshot -->
        <test-method signature="verifyText()[pri:3, instance:com.webOrders.test.WebOrders_Login@176b3f44]" started-at="2025-08-21T15:11:35 IST" name="verifyText" description="validateTitle() method call for Title verification" finished-at="2025-08-21T15:11:42 IST" duration-ms="7369" status="PASS">
          <reporter-output>
          </reporter-output>
        </test-method> <!-- verifyText -->
        <test-method is-config="true" signature="takeScreenshot(org.testng.ITestResult)[pri:0, instance:com.webOrders.test.WebOrders_Login@176b3f44]" started-at="2025-08-21T15:11:42 IST" name="takeScreenshot" finished-at="2025-08-21T15:11:42 IST" duration-ms="1" status="PASS">
          <params>
            <param index="0">
              <value>
                <![CDATA[[TestResult name=verifyText status=SUCCESS method=WebOrders_Login.verifyText()[pri:3, instance:com.webOrders.test.WebOrders_Login@176b3f44] output={null}]]]>
              </value>
            </param>
          </params>
          <reporter-output>
          </reporter-output>
        </test-method> <!-- takeScreenshot -->
        <test-method is-config="true" signature="tearDown()[pri:0, instance:com.webOrders.test.WebOrders_Login@176b3f44]" started-at="2025-08-21T15:11:42 IST" name="tearDown" finished-at="2025-08-21T15:11:44 IST" duration-ms="1845" status="PASS">
          <reporter-output>
          </reporter-output>
        </test-method> <!-- tearDown -->
      </class> <!-- com.webOrders.test.WebOrders_Login -->
    </test> <!-- test-1 -->
  </suite> <!-- WebOrder Page Object Model TestNGDemo -->
</testng-results>
